2022-10-09 20:33:43,949  INFO [main] SauceDemoProject2:36 - browser is opened
2022-10-09 20:33:44,082  INFO [main] SauceDemoProject2:51 - browser is maximized
2022-10-09 20:33:44,361  INFO [main] SauceDemoProject2:54 - sauceDemo URL IS opened
2022-10-09 20:33:44,614  INFO [main] SauceDemoProject2:65 - username is entered
2022-10-09 20:33:44,661  INFO [main] SauceDemoProject2:68 - password is entered
2022-10-09 20:33:44,840  INFO [main] SauceDemoProject2:71 - clicked on loginbutton
2022-10-09 20:34:01,748  INFO [main] SauceDemoProject2:79 - broser is closed
2022-10-09 20:34:02,382  INFO [main] SauceDemoProject2:36 - browser is opened
2022-10-09 20:34:02,510  INFO [main] SauceDemoProject2:51 - browser is maximized
2022-10-09 20:34:02,747  INFO [main] SauceDemoProject2:54 - sauceDemo URL IS opened
2022-10-09 20:34:02,990  INFO [main] SauceDemoProject2:65 - username is entered
2022-10-09 20:34:03,034  INFO [main] SauceDemoProject2:68 - password is entered
2022-10-09 20:34:03,203  INFO [main] SauceDemoProject2:71 - clicked on loginbutton
2022-10-09 20:34:19,794  INFO [main] SauceDemoProject2:79 - broser is closed
2022-10-09 20:34:20,440  INFO [main] SauceDemoProject2:36 - browser is opened
2022-10-09 20:34:20,573  INFO [main] SauceDemoProject2:51 - browser is maximized
2022-10-09 20:34:20,928  INFO [main] SauceDemoProject2:54 - sauceDemo URL IS opened
2022-10-09 20:34:21,159  INFO [main] SauceDemoProject2:65 - username is entered
2022-10-09 20:34:21,207  INFO [main] SauceDemoProject2:68 - password is entered
2022-10-09 20:34:21,368  INFO [main] SauceDemoProject2:71 - clicked on loginbutton
2022-10-09 20:34:38,338  INFO [main] SauceDemoProject2:79 - broser is closed
2022-10-09 20:34:39,025  INFO [main] SauceDemoProject2:36 - browser is opened
2022-10-09 20:34:39,163  INFO [main] SauceDemoProject2:51 - browser is maximized
2022-10-09 20:34:39,449  INFO [main] SauceDemoProject2:54 - sauceDemo URL IS opened
2022-10-09 20:34:39,673  INFO [main] SauceDemoProject2:65 - username is entered
2022-10-09 20:34:39,720  INFO [main] SauceDemoProject2:68 - password is entered
2022-10-09 20:34:39,909  INFO [main] SauceDemoProject2:71 - clicked on loginbutton
2022-10-09 20:34:57,080  INFO [main] SauceDemoProject2:79 - broser is closed
2022-10-09 20:34:57,727  INFO [main] SauceDemoProject2:36 - browser is opened
2022-10-09 20:34:57,856  INFO [main] SauceDemoProject2:51 - browser is maximized
2022-10-09 20:34:59,008  INFO [main] SauceDemoProject2:54 - sauceDemo URL IS opened
2022-10-09 20:34:59,202  INFO [main] SauceDemoProject2:65 - username is entered
2022-10-09 20:34:59,247  INFO [main] SauceDemoProject2:68 - password is entered
2022-10-09 20:34:59,421  INFO [main] SauceDemoProject2:71 - clicked on loginbutton
2022-10-09 20:35:16,292  INFO [main] SauceDemoProject2:79 - broser is closed
2022-10-09 20:35:16,935  INFO [main] SauceDemoProject2:36 - browser is opened
2022-10-09 20:35:17,054  INFO [main] SauceDemoProject2:51 - browser is maximized
2022-10-09 20:35:17,280  INFO [main] SauceDemoProject2:54 - sauceDemo URL IS opened
2022-10-09 20:35:17,540  INFO [main] SauceDemoProject2:65 - username is entered
2022-10-09 20:35:17,584  INFO [main] SauceDemoProject2:68 - password is entered
2022-10-09 20:35:17,762  INFO [main] SauceDemoProject2:71 - clicked on loginbutton
2022-10-09 20:35:18,852  INFO [main] SauceDemoProject2:79 - broser is closed
2022-10-09 21:35:32,811  INFO [main] SauceDemoProject2:36 - browser is opened
2022-10-09 21:35:32,935  INFO [main] SauceDemoProject2:51 - browser is maximized
2022-10-09 21:35:33,372  INFO [main] SauceDemoProject2:54 - sauceDemo URL IS opened
2022-10-09 21:35:33,654  INFO [main] SauceDemoProject2:65 - username is entered
2022-10-09 21:35:33,699  INFO [main] SauceDemoProject2:68 - password is entered
2022-10-09 21:35:33,871  INFO [main] SauceDemoProject2:71 - clicked on loginbutton
2022-10-09 21:35:50,828  INFO [main] SauceDemoProject2:79 - broser is closed
2022-10-09 21:35:51,508  INFO [main] SauceDemoProject2:36 - browser is opened
2022-10-09 21:35:51,646  INFO [main] SauceDemoProject2:51 - browser is maximized
2022-10-09 21:35:51,910  INFO [main] SauceDemoProject2:54 - sauceDemo URL IS opened
2022-10-09 21:35:52,162  INFO [main] SauceDemoProject2:65 - username is entered
2022-10-09 21:35:52,225  INFO [main] SauceDemoProject2:68 - password is entered
2022-10-09 21:35:52,396  INFO [main] SauceDemoProject2:71 - clicked on loginbutton
2022-10-09 21:36:08,981  INFO [main] SauceDemoProject2:79 - broser is closed
2022-10-09 21:36:09,678  INFO [main] SauceDemoProject2:36 - browser is opened
2022-10-09 21:36:09,815  INFO [main] SauceDemoProject2:51 - browser is maximized
2022-10-09 21:36:10,349  INFO [main] SauceDemoProject2:54 - sauceDemo URL IS opened
2022-10-09 21:36:10,581  INFO [main] SauceDemoProject2:65 - username is entered
2022-10-09 21:36:10,626  INFO [main] SauceDemoProject2:68 - password is entered
2022-10-09 21:36:10,789  INFO [main] SauceDemoProject2:71 - clicked on loginbutton
2022-10-09 21:36:27,800  INFO [main] SauceDemoProject2:79 - broser is closed
2022-10-09 21:36:28,438  INFO [main] SauceDemoProject2:36 - browser is opened
2022-10-09 21:36:28,577  INFO [main] SauceDemoProject2:51 - browser is maximized
2022-10-09 21:36:28,873  INFO [main] SauceDemoProject2:54 - sauceDemo URL IS opened
2022-10-09 21:36:29,121  INFO [main] SauceDemoProject2:65 - username is entered
2022-10-09 21:36:29,175  INFO [main] SauceDemoProject2:68 - password is entered
2022-10-09 21:36:29,360  INFO [main] SauceDemoProject2:71 - clicked on loginbutton
2022-10-09 21:36:46,443  INFO [main] SauceDemoProject2:79 - broser is closed
2022-10-09 21:36:47,084  INFO [main] SauceDemoProject2:36 - browser is opened
2022-10-09 21:36:47,206  INFO [main] SauceDemoProject2:51 - browser is maximized
2022-10-09 21:36:47,989  INFO [main] SauceDemoProject2:54 - sauceDemo URL IS opened
2022-10-09 21:36:48,208  INFO [main] SauceDemoProject2:65 - username is entered
2022-10-09 21:36:48,256  INFO [main] SauceDemoProject2:68 - password is entered
2022-10-09 21:36:48,430  INFO [main] SauceDemoProject2:71 - clicked on loginbutton
2022-10-09 21:37:05,381  INFO [main] SauceDemoProject2:79 - broser is closed
2022-10-09 21:37:06,025  INFO [main] SauceDemoProject2:36 - browser is opened
2022-10-09 21:37:06,158  INFO [main] SauceDemoProject2:51 - browser is maximized
2022-10-09 21:37:06,400  INFO [main] SauceDemoProject2:54 - sauceDemo URL IS opened
2022-10-09 21:37:06,665  INFO [main] SauceDemoProject2:65 - username is entered
2022-10-09 21:37:06,707  INFO [main] SauceDemoProject2:68 - password is entered
2022-10-09 21:37:06,877  INFO [main] SauceDemoProject2:71 - clicked on loginbutton
2022-10-09 21:37:24,159  INFO [main] SauceDemoProject2:79 - broser is closed
2022-10-10 16:41:23,816  INFO [main] SauceDemoProject2:36 - browser is opened
2022-10-10 16:41:23,946  INFO [main] SauceDemoProject2:51 - browser is maximized
2022-10-10 16:41:24,634  INFO [main] SauceDemoProject2:54 - sauceDemo URL IS opened
2022-10-10 16:41:24,978  INFO [main] SauceDemoProject2:65 - username is entered
2022-10-10 16:41:25,055  INFO [main] SauceDemoProject2:68 - password is entered
2022-10-10 16:41:25,294  INFO [main] SauceDemoProject2:71 - clicked on loginbutton
2022-10-10 16:41:26,025  INFO [main] SauceDemoProject2:79 - broser is closed
2022-10-10 16:41:26,763  INFO [main] SauceDemoProject2:36 - browser is opened
2022-10-10 16:41:26,897  INFO [main] SauceDemoProject2:51 - browser is maximized
2022-10-10 16:41:27,177  INFO [main] SauceDemoProject2:54 - sauceDemo URL IS opened
2022-10-10 16:41:27,516  INFO [main] SauceDemoProject2:65 - username is entered
2022-10-10 16:41:27,583  INFO [main] SauceDemoProject2:68 - password is entered
2022-10-10 16:41:27,846  INFO [main] SauceDemoProject2:71 - clicked on loginbutton
2022-10-10 16:41:28,521  INFO [main] SauceDemoProject2:79 - broser is closed
2022-10-10 16:41:29,328  INFO [main] SauceDemoProject2:36 - browser is opened
2022-10-10 16:41:29,449  INFO [main] SauceDemoProject2:51 - browser is maximized
2022-10-10 16:41:29,775  INFO [main] SauceDemoProject2:54 - sauceDemo URL IS opened
2022-10-10 16:41:30,082  INFO [main] SauceDemoProject2:65 - username is entered
2022-10-10 16:41:30,152  INFO [main] SauceDemoProject2:68 - password is entered
2022-10-10 16:41:30,360  INFO [main] SauceDemoProject2:71 - clicked on loginbutton
2022-10-10 16:41:31,330  INFO [main] SauceDemoProject2:79 - broser is closed
2022-10-10 16:41:32,464  INFO [main] SauceDemoProject2:36 - browser is opened
2022-10-10 16:41:32,612  INFO [main] SauceDemoProject2:51 - browser is maximized
2022-10-10 16:41:33,089  INFO [main] SauceDemoProject2:54 - sauceDemo URL IS opened
2022-10-10 16:41:33,587  INFO [main] SauceDemoProject2:65 - username is entered
2022-10-10 16:41:33,716  INFO [main] SauceDemoProject2:68 - password is entered
2022-10-10 16:41:33,984  INFO [main] SauceDemoProject2:71 - clicked on loginbutton
2022-10-10 16:41:35,967  INFO [main] SauceDemoProject2:79 - broser is closed
2022-10-10 16:41:37,182  INFO [main] SauceDemoProject2:36 - browser is opened
2022-10-10 16:41:37,317  INFO [main] SauceDemoProject2:51 - browser is maximized
2022-10-10 16:41:37,814  INFO [main] SauceDemoProject2:54 - sauceDemo URL IS opened
2022-10-10 16:41:38,310  INFO [main] SauceDemoProject2:65 - username is entered
2022-10-10 16:41:38,426  INFO [main] SauceDemoProject2:68 - password is entered
2022-10-10 16:41:38,718  INFO [main] SauceDemoProject2:71 - clicked on loginbutton
2022-10-10 16:41:40,477  INFO [main] SauceDemoProject2:79 - broser is closed
2022-10-10 16:41:41,554  INFO [main] SauceDemoProject2:36 - browser is opened
2022-10-10 16:41:41,698  INFO [main] SauceDemoProject2:51 - browser is maximized
2022-10-10 16:41:42,175  INFO [main] SauceDemoProject2:54 - sauceDemo URL IS opened
2022-10-10 16:41:42,603  INFO [main] SauceDemoProject2:65 - username is entered
2022-10-10 16:41:42,716  INFO [main] SauceDemoProject2:68 - password is entered
2022-10-10 16:41:43,007  INFO [main] SauceDemoProject2:71 - clicked on loginbutton
2022-10-10 16:41:45,199  INFO [main] SauceDemoProject2:79 - broser is closed
2022-10-10 16:44:29,173  INFO [main] SauceDemoProject2:36 - browser is opened
2022-10-10 16:44:29,313  INFO [main] SauceDemoProject2:51 - browser is maximized
2022-10-10 16:44:29,703  INFO [main] SauceDemoProject2:54 - sauceDemo URL IS opened
2022-10-10 16:44:30,024  INFO [main] SauceDemoProject2:65 - username is entered
2022-10-10 16:44:30,097  INFO [main] SauceDemoProject2:68 - password is entered
2022-10-10 16:44:30,308  INFO [main] SauceDemoProject2:71 - clicked on loginbutton
2022-10-10 16:44:31,399  INFO [main] SauceDemoProject2:79 - broser is closed
2022-10-10 16:44:32,218  INFO [main] SauceDemoProject2:36 - browser is opened
2022-10-10 16:44:32,350  INFO [main] SauceDemoProject2:51 - browser is maximized
2022-10-10 16:44:32,652  INFO [main] SauceDemoProject2:54 - sauceDemo URL IS opened
2022-10-10 16:44:32,952  INFO [main] SauceDemoProject2:65 - username is entered
2022-10-10 16:44:33,017  INFO [main] SauceDemoProject2:68 - password is entered
2022-10-10 16:44:33,218  INFO [main] SauceDemoProject2:71 - clicked on loginbutton
2022-10-10 16:44:33,773  INFO [main] SauceDemoProject2:79 - broser is closed
2022-10-10 16:44:34,581  INFO [main] SauceDemoProject2:36 - browser is opened
2022-10-10 16:44:34,702  INFO [main] SauceDemoProject2:51 - browser is maximized
2022-10-10 16:44:35,007  INFO [main] SauceDemoProject2:54 - sauceDemo URL IS opened
2022-10-10 16:44:35,320  INFO [main] SauceDemoProject2:65 - username is entered
2022-10-10 16:44:35,389  INFO [main] SauceDemoProject2:68 - password is entered
2022-10-10 16:44:35,597  INFO [main] SauceDemoProject2:71 - clicked on loginbutton
2022-10-10 16:44:52,800  INFO [main] SauceDemoProject2:79 - broser is closed
2022-10-10 16:44:53,528  INFO [main] SauceDemoProject2:36 - browser is opened
2022-10-10 16:44:53,666  INFO [main] SauceDemoProject2:51 - browser is maximized
2022-10-10 16:44:53,953  INFO [main] SauceDemoProject2:54 - sauceDemo URL IS opened
2022-10-10 16:44:54,241  INFO [main] SauceDemoProject2:65 - username is entered
2022-10-10 16:44:54,306  INFO [main] SauceDemoProject2:68 - password is entered
2022-10-10 16:44:54,528  INFO [main] SauceDemoProject2:71 - clicked on loginbutton
2022-10-10 16:44:55,805  INFO [main] SauceDemoProject2:79 - broser is closed
2022-10-10 16:44:56,549  INFO [main] SauceDemoProject2:36 - browser is opened
2022-10-10 16:44:56,670  INFO [main] SauceDemoProject2:51 - browser is maximized
2022-10-10 16:44:57,003  INFO [main] SauceDemoProject2:54 - sauceDemo URL IS opened
2022-10-10 16:44:57,300  INFO [main] SauceDemoProject2:65 - username is entered
2022-10-10 16:44:57,385  INFO [main] SauceDemoProject2:68 - password is entered
2022-10-10 16:44:57,627  INFO [main] SauceDemoProject2:71 - clicked on loginbutton
2022-10-10 16:44:58,836  INFO [main] SauceDemoProject2:79 - broser is closed
2022-10-10 16:44:59,678  INFO [main] SauceDemoProject2:36 - browser is opened
2022-10-10 16:44:59,802  INFO [main] SauceDemoProject2:51 - browser is maximized
2022-10-10 16:45:00,115  INFO [main] SauceDemoProject2:54 - sauceDemo URL IS opened
2022-10-10 16:45:00,431  INFO [main] SauceDemoProject2:65 - username is entered
2022-10-10 16:45:00,515  INFO [main] SauceDemoProject2:68 - password is entered
2022-10-10 16:45:00,756  INFO [main] SauceDemoProject2:71 - clicked on loginbutton
2022-10-10 16:45:02,517  INFO [main] SauceDemoProject2:79 - broser is closed
2022-10-10 16:45:53,050  INFO [main] SauceDemoProject2:36 - browser is opened
2022-10-10 16:45:53,178  INFO [main] SauceDemoProject2:51 - browser is maximized
2022-10-10 16:45:53,564  INFO [main] SauceDemoProject2:54 - sauceDemo URL IS opened
2022-10-10 16:45:53,899  INFO [main] SauceDemoProject2:65 - username is entered
2022-10-10 16:45:53,969  INFO [main] SauceDemoProject2:68 - password is entered
2022-10-10 16:45:54,174  INFO [main] SauceDemoProject2:71 - clicked on loginbutton
2022-10-10 16:45:54,798  INFO [main] SauceDemoProject2:79 - broser is closed
2022-10-10 16:48:37,652  INFO [main] SauceDemoProject2:36 - browser is opened
2022-10-10 16:48:37,778  INFO [main] SauceDemoProject2:51 - browser is maximized
2022-10-10 16:48:38,114  INFO [main] SauceDemoProject2:54 - sauceDemo URL IS opened
2022-10-10 16:48:38,477  INFO [main] SauceDemoProject2:65 - username is entered
2022-10-10 16:48:38,553  INFO [main] SauceDemoProject2:68 - password is entered
2022-10-10 16:48:38,824  INFO [main] SauceDemoProject2:71 - clicked on loginbutton
2022-10-10 16:48:39,825  INFO [main] SauceDemoProject2:79 - broser is closed
2022-10-10 16:48:40,588  INFO [main] SauceDemoProject2:36 - browser is opened
2022-10-10 16:48:40,711  INFO [main] SauceDemoProject2:51 - browser is maximized
2022-10-10 16:48:41,164  INFO [main] SauceDemoProject2:54 - sauceDemo URL IS opened
2022-10-10 16:48:41,433  INFO [main] SauceDemoProject2:65 - username is entered
2022-10-10 16:48:41,498  INFO [main] SauceDemoProject2:68 - password is entered
2022-10-10 16:48:41,743  INFO [main] SauceDemoProject2:71 - clicked on loginbutton
2022-10-10 16:48:58,622  INFO [main] SauceDemoProject2:79 - broser is closed
2022-10-10 16:48:59,420  INFO [main] SauceDemoProject2:36 - browser is opened
2022-10-10 16:48:59,552  INFO [main] SauceDemoProject2:51 - browser is maximized
2022-10-10 16:48:59,861  INFO [main] SauceDemoProject2:54 - sauceDemo URL IS opened
2022-10-10 16:49:00,183  INFO [main] SauceDemoProject2:65 - username is entered
2022-10-10 16:49:00,260  INFO [main] SauceDemoProject2:68 - password is entered
2022-10-10 16:49:00,430  INFO [main] SauceDemoProject2:71 - clicked on loginbutton
2022-10-10 16:49:00,816  INFO [main] SauceDemoProject2:79 - broser is closed
2022-10-10 16:49:01,528  INFO [main] SauceDemoProject2:36 - browser is opened
2022-10-10 16:49:01,654  INFO [main] SauceDemoProject2:51 - browser is maximized
2022-10-10 16:49:01,969  INFO [main] SauceDemoProject2:54 - sauceDemo URL IS opened
2022-10-10 16:49:02,249  INFO [main] SauceDemoProject2:65 - username is entered
2022-10-10 16:49:02,337  INFO [main] SauceDemoProject2:68 - password is entered
2022-10-10 16:49:02,596  INFO [main] SauceDemoProject2:71 - clicked on loginbutton
2022-10-10 16:49:20,032  INFO [main] SauceDemoProject2:79 - broser is closed
2022-10-10 16:49:20,906  INFO [main] SauceDemoProject2:36 - browser is opened
2022-10-10 16:49:21,039  INFO [main] SauceDemoProject2:51 - browser is maximized
2022-10-10 16:49:21,318  INFO [main] SauceDemoProject2:54 - sauceDemo URL IS opened
2022-10-10 16:49:21,590  INFO [main] SauceDemoProject2:65 - username is entered
2022-10-10 16:49:21,677  INFO [main] SauceDemoProject2:68 - password is entered
2022-10-10 16:49:21,886  INFO [main] SauceDemoProject2:71 - clicked on loginbutton
2022-10-10 16:49:23,102  INFO [main] SauceDemoProject2:79 - broser is closed
2022-10-10 16:49:23,824  INFO [main] SauceDemoProject2:36 - browser is opened
2022-10-10 16:49:23,950  INFO [main] SauceDemoProject2:51 - browser is maximized
2022-10-10 16:49:24,262  INFO [main] SauceDemoProject2:54 - sauceDemo URL IS opened
2022-10-10 16:49:24,550  INFO [main] SauceDemoProject2:65 - username is entered
2022-10-10 16:49:24,614  INFO [main] SauceDemoProject2:68 - password is entered
2022-10-10 16:49:24,829  INFO [main] SauceDemoProject2:71 - clicked on loginbutton
2022-10-10 16:49:26,486  INFO [main] SauceDemoProject2:79 - broser is closed
2022-10-10 16:49:59,931  INFO [main] SauceDemoProject2:36 - browser is opened
2022-10-10 16:50:00,070  INFO [main] SauceDemoProject2:51 - browser is maximized
2022-10-10 16:50:00,636  INFO [main] SauceDemoProject2:54 - sauceDemo URL IS opened
2022-10-10 16:50:00,977  INFO [main] SauceDemoProject2:65 - username is entered
2022-10-10 16:50:01,049  INFO [main] SauceDemoProject2:68 - password is entered
2022-10-10 16:50:01,311  INFO [main] SauceDemoProject2:71 - clicked on loginbutton
2022-10-10 16:50:02,161  INFO [main] SauceDemoProject2:79 - broser is closed
